102.02.07 09:53 B C:\DATA\fast\containr.gif <-- snow-board.com /www/htdocs/fast containr.gif
102.02.07 09:53 B C:\DATA\fast\cutout-i.htm <-- snow-board.com /www/htdocs/fast cutout-i.htm
102.02.07 09:53 B C:\DATA\fast\cutout03.gif <-- snow-board.com /www/htdocs/fast cutout03.gif
102.02.07 09:53 B C:\DATA\fast\fasmar.htm <-- snow-board.com /www/htdocs/fast fasmar.htm
102.02.07 09:53 B C:\DATA\fast\fasmar.htm-before-migration <-- snow-board.com /www/htdocs/fast fasmar.htm-before-migration
102.02.07 09:53 B C:\DATA\fast\fasmare.htm <-- snow-board.com /www/htdocs/fast fasmare.htm
102.02.07 09:53 B C:\DATA\fast\fasmare.htm-before-migration <-- snow-board.com /www/htdocs/fast fasmare.htm-before-migration
102.02.07 09:53 B C:\DATA\fast\fasref.htm <-- snow-board.com /www/htdocs/fast fasref.htm
102.02.07 09:53 B C:\DATA\fast\fast.gif <-- snow-board.com /www/htdocs/fast fast.gif
102.02.07 09:53 B C:\DATA\fast\fast.htm <-- snow-board.com /www/htdocs/fast fast.htm
102.02.07 09:53 B C:\DATA\fast\fast.htm-before-migration <-- snow-board.com /www/htdocs/fast fast.htm-before-migration
102.02.07 09:53 B C:\DATA\fast\fast01.htm <-- snow-board.com /www/htdocs/fast fast01.htm
102.02.07 09:53 B C:\DATA\fast\fast01.htm-before-migration <-- snow-board.com /www/htdocs/fast fast01.htm-before-migration
102.02.07 09:53 B C:\DATA\fast\fast3b.gif <-- snow-board.com /www/htdocs/fast fast3b.gif
102.02.07 09:53 B C:\DATA\fast\fast4b.gif <-- snow-board.com /www/htdocs/fast fast4b.gif
102.02.07 09:53 B C:\DATA\fast\fastdr-i.htm <-- snow-board.com /www/htdocs/fast fastdr-i.htm
102.02.07 09:53 B C:\DATA\fast\fastf.htm <-- snow-board.com /www/htdocs/fast fastf.htm
102.02.07 09:53 B C:\DATA\fast\fastma-i.htm <-- snow-board.com /www/htdocs/fast fastma-i.htm
102.02.07 09:53 B C:\DATA\fast\fastma.jpg <-- snow-board.com /www/htdocs/fast fastma.jpg
102.02.07 09:53 B C:\DATA\fast\flow.htm <-- snow-board.com /www/htdocs/fast flow.htm
102.02.07 09:53 B C:\DATA\fast\flowpace.htm <-- snow-board.com /www/htdocs/fast flowpace.htm
102.02.07 09:53 B C:\DATA\fast\general.gif <-- snow-board.com /www/htdocs/fast general.gif
102.02.07 09:53 B C:\DATA\fast\hf.gif <-- snow-board.com /www/htdocs/fast hf.gif
102.02.07 09:53 B C:\DATA\fast\hmfast-i.htm <-- snow-board.com /www/htdocs/fast hmfast-i.htm
102.02.07 09:53 B C:\DATA\fast\hmfast.htm <-- snow-board.com /www/htdocs/fast hmfast.htm
102.02.07 09:53 B C:\DATA\fast\homfast2.gif <-- snow-board.com /www/htdocs/fast homfast2.gif
102.02.07 09:53 B C:\DATA\fast\marine.gif <-- snow-board.com /www/htdocs/fast marine.gif
102.02.07 09:53 B C:\DATA\fast\navbhelp.gif <-- snow-board.com /www/htdocs/fast navbhelp.gif
102.02.07 09:53 B C:\DATA\fast\nsf1.htm <-- snow-board.com /www/htdocs/fast nsf1.htm
102.02.07 09:53 B C:\DATA\fast\pace.gif <-- snow-board.com /www/htdocs/fast pace.gif
102.02.07 09:53 B C:\DATA\fast\pace01.gif <-- snow-board.com /www/htdocs/fast pace01.gif
102.02.07 09:53 B C:\DATA\fast\pace01.htm <-- snow-board.com /www/htdocs/fast pace01.htm
102.02.07 09:53 B C:\DATA\fast\pace01.htm-before-migration <-- snow-board.com /www/htdocs/fast pace01.htm-before-migration
102.02.07 09:53 B C:\DATA\fast\pace04.gif <-- snow-board.com /www/htdocs/fast pace04.gif
102.02.07 09:53 B C:\DATA\fast\pacedr-i.htm <-- snow-board.com /www/htdocs/fast pacedr-i.htm
102.02.07 09:53 B C:\DATA\fast\rblue.gif <-- snow-board.com /www/htdocs/fast rblue.gif
102.02.07 09:53 B C:\DATA\fast\rred.gif <-- snow-board.com /www/htdocs/fast rred.gif
102.02.07 09:53 B C:\DATA\fast\s_fastma.jpg <-- snow-board.com /www/htdocs/fast s_fastma.jpg
102.02.07 09:53 B C:\DATA\fast\s_scifas.gif <-- snow-board.com /www/htdocs/fast s_scifas.gif
102.02.07 09:53 B C:\DATA\fast\scifast.gif <-- snow-board.com /www/htdocs/fast scifast.gif
102.02.07 09:53 B C:\DATA\fast\uparrow.gif <-- snow-board.com /www/htdocs/fast uparrow.gif
102.02.07 10:02 B C:\DATA\SMB\fast\fasmare.htm --> snow-board.com /www/htdocs/fast fasmare.htm
